[11/28/2016 09:09:07 PM] fpds_dl.py began run
[11/28/2016 09:09:08 PM] Saved directory of FPDS for FY 2006
Filename: D:\data\fpds\downloaded\FPDS_FY2006\FPDS_directory_FY2006.html os.stat_result(st_mode=33206, st_ino=281474976716258, st_dev=1422985914, st_nlink=1, st_uid=0, st_gid=0, st_size=18171, st_atime=1480375911, st_mtime=1480385348, st_ctime=1480375911) bytes.
Agency IDs obtained: ['0300-LIBRARYOFCONGRESS', '1100-EXECUTIVEOFFICEOFTHEPRESIDENT', '1145-PEACECORPS', '1152-AGENCYFORINTERNATIONALDEVELOPMENT', '1153-UNITEDSTATESTRADEANDDEVELOPMENTAGENCY', '1200-AGRICULTUREDEPARTMENTOF', '1300-COMMERCEDEPARTMENTOF', '1400-INTERIORDEPARTMENTOFTHE', '1500-JUSTICEDEPARTMENTOF', '1600-LABORDEPARTMENTOF', '1665-PENSIONBENEFITGUARANTYCORPORATION', '1700-DEPARTMENTOFTHENAVY', '1900-STATEDEPARTMENTOF', '19BM-INTERNATIONALBOUNDARYANDWATERCOMMISSION-US-MEXICO', '2000-TREASURYDEPARTMENTOFTHE', '2100-DEPARTMENTOFTHEARMY', '2400-OFFICEOFPERSONNELMANAGEMENT', '2700-FEDERALCOMMUNICATIONSCOMMISSION', '2800-SOCIALSECURITYADMINISTRATION', '2900-FEDERALTRADECOMMISSION', '3100-NUCLEARREGULATORYCOMMISSION', '3300-SMITHSONIANINSTITUTION', '3352-JFKENNEDYCENTERFORTHEPERFORMINGARTS', '3355-NATIONALGALLERYOFART', '3400-INTERNATIONALTRADECOMMISSION', '3600-VETERANSAFFAIRSDEPARTMENTOF', '4100-MERITSYSTEMSPROTECTIONBOARD', '4500-EQUALEMPLOYMENTOPPORTUNITYCOMMISSION', '4700-GENERALSERVICESADMINISTRATION', '4900-NATIONALSCIENCEFOUNDATION', '5000-SECURITIESANDEXCHANGECOMMISSION', '5700-DEPARTMENTOFTHEAIRFORCE', '5920-NATIONALENDOWMENTFORTHEARTS', '5940-NATIONALENDOWMENTFORTHEHUMANITIES', '6000-RAILROADRETIREMENTBOARD', '6100-CONSUMERPRODUCTSAFETYCOMMISSION', '6300-NATIONALLABORRELATIONSBOARD', '6500-FEDERALMARITIMECOMMISSION', '6800-ENVIRONMENTALPROTECTIONAGENCY', '6900-TRANSPORTATIONDEPARTMENTOF', '7000-HOMELANDSECURITYDEPARTMENTOF', '7200-AGENCYFORINTERNATIONALDEVELOPMENT', '7300-SMALLBUSINESSADMINISTRATION', '7500-HEALTHANDHUMANSERVICESDEPARTMENTOF', '8000-NATIONALAERONAUTICSANDSPACEADMINISTRATION', '8600-HOUSINGANDURBANDEVELOPMENTDEPARTMENTOF', '8800-NATIONALARCHIVESANDRECORDSADMINISTRATION', '8900-ENERGYDEPARTMENTOF', '8961-FEDERALENERGYREGULATORYCOMMISSION', '9000-SELECTIVESERVICESYSTEM', '9100-EDUCATIONDEPARTMENTOF', '9502-NATIONALCAPITALPLANNINGCOMMISSION', '9506-FEDERALELECTIONCOMMISSION', '9507-COMMODITYFUTURESTRADINGCOMMISSION', '9508-NATIONALTRANSPORTATIONSAFETYBOARD', '9516-DEFENSENUCLEARFACILITIESSAFETYBOARD', '9518-COMMITTEEFORPURCHASEFROMPEOPLEWHOAREBLINDORSEVERELYDISABLED', '9524-NATIONALMEDIATIONBOARD', '9540-FEDERALHOUSINGFINANCEBOARD', '9543-MILLENIUMCHALLENGECORPORATION', '9568-BROADCASTINGBOARDOFGOVERNORS', '9577-CORPORATIONFORNATIONALANDCOMMUNITYSERVICE', '9594-COURTSERVICESANDOFFENDERSUPERVISIONAGENCY', '959P-PRETRIALSERVICESAGENCY', '97AS-DEFENCELOGISTICSAGENCY', 'OTHER_DOD_AGENCIES']
Zip urls attempted to downloaded:
https://www.fpds.gov/ddps/FY06-V1.4/0300-LIBRARYOFCONGRESS/0300-LIBRARYOFCONGRESS-DEPTOctober2005-Archive.zip
https://www.fpds.gov/ddps/FY06-V1.4/1100-EXECUTIVEOFFICEOFTHEPRESIDENT/1100-EXECUTIVEOFFICEOFTHEPRESIDENT-DEPTOctober2005-Archive.zip
https://www.fpds.gov/ddps/FY06-V1.4/1145-PEACECORPS/1145-PEACECORPS-DEPTOctober2005-Archive.zip
https://www.fpds.gov/ddps/FY06-V1.4/1152-AGENCYFORINTERNATIONALDEVELOPMENT/1152-AGENCYFORINTERNATIONALDEVELOPMENT-DEPTOctober2005-Archive.zip
https://www.fpds.gov/ddps/FY06-V1.4/1153-UNITEDSTATESTRADEANDDEVELOPMENTAGENCY/1153-UNITEDSTATESTRADEANDDEVELOPMENTAGENCY-DEPTOctober2005-Archive.zip
https://www.fpds.gov/ddps/FY06-V1.4/1200-AGRICULTUREDEPARTMENTOF/1200-AGRICULTUREDEPARTMENTOF-DEPTOctober2005-Archive.zip
https://www.fpds.gov/ddps/FY06-V1.4/1300-COMMERCEDEPARTMENTOF/1300-COMMERCEDEPARTMENTOF-DEPTOctober2005-Archive.zip
https://www.fpds.gov/ddps/FY06-V1.4/1400-INTERIORDEPARTMENTOFTHE/1400-INTERIORDEPARTMENTOFTHE-DEPTOctober2005-Archive.zip
https://www.fpds.gov/ddps/FY06-V1.4/1500-JUSTICEDEPARTMENTOF/1500-JUSTICEDEPARTMENTOF-DEPTOctober2005-Archive.zip
https://www.fpds.gov/ddps/FY06-V1.4/1600-LABORDEPARTMENTOF/1600-LABORDEPARTMENTOF-DEPTOctober2005-Archive.zip
https://www.fpds.gov/ddps/FY06-V1.4/1665-PENSIONBENEFITGUARANTYCORPORATION/1665-PENSIONBENEFITGUARANTYCORPORATION-DEPTOctober2005-Archive.zip
https://www.fpds.gov/ddps/FY06-V1.4/1700-DEPARTMENTOFTHENAVY/1700-DEPARTMENTOFTHENAVY-DEPTOctober2005-Archive.zip
https://www.fpds.gov/ddps/FY06-V1.4/1900-STATEDEPARTMENTOF/1900-STATEDEPARTMENTOF-DEPTOctober2005-Archive.zip
https://www.fpds.gov/ddps/FY06-V1.4/19BM-INTERNATIONALBOUNDARYANDWATERCOMMISSION-US-MEXICO/19BM-INTERNATIONALBOUNDARYANDWATERCOMMISSION-US-MEXICO-DEPTOctober2005-Archive.zip
https://www.fpds.gov/ddps/FY06-V1.4/2000-TREASURYDEPARTMENTOFTHE/2000-TREASURYDEPARTMENTOFTHE-DEPTOctober2005-Archive.zip
https://www.fpds.gov/ddps/FY06-V1.4/2100-DEPARTMENTOFTHEARMY/2100-DEPARTMENTOFTHEARMY-DEPTOctober2005-Archive.zip
https://www.fpds.gov/ddps/FY06-V1.4/2400-OFFICEOFPERSONNELMANAGEMENT/2400-OFFICEOFPERSONNELMANAGEMENT-DEPTOctober2005-Archive.zip
https://www.fpds.gov/ddps/FY06-V1.4/2700-FEDERALCOMMUNICATIONSCOMMISSION/2700-FEDERALCOMMUNICATIONSCOMMISSION-DEPTOctober2005-Archive.zip
https://www.fpds.gov/ddps/FY06-V1.4/2800-SOCIALSECURITYADMINISTRATION/2800-SOCIALSECURITYADMINISTRATION-DEPTOctober2005-Archive.zip
https://www.fpds.gov/ddps/FY06-V1.4/2900-FEDERALTRADECOMMISSION/2900-FEDERALTRADECOMMISSION-DEPTOctober2005-Archive.zip
https://www.fpds.gov/ddps/FY06-V1.4/3100-NUCLEARREGULATORYCOMMISSION/3100-NUCLEARREGULATORYCOMMISSION-DEPTOctober2005-Archive.zip
https://www.fpds.gov/ddps/FY06-V1.4/3300-SMITHSONIANINSTITUTION/3300-SMITHSONIANINSTITUTION-DEPTOctober2005-Archive.zip
https://www.fpds.gov/ddps/FY06-V1.4/3352-JFKENNEDYCENTERFORTHEPERFORMINGARTS/3352-JFKENNEDYCENTERFORTHEPERFORMINGARTS-DEPTOctober2005-Archive.zip
https://www.fpds.gov/ddps/FY06-V1.4/3355-NATIONALGALLERYOFART/3355-NATIONALGALLERYOFART-DEPTOctober2005-Archive.zip
https://www.fpds.gov/ddps/FY06-V1.4/3400-INTERNATIONALTRADECOMMISSION/3400-INTERNATIONALTRADECOMMISSION-DEPTOctober2005-Archive.zip
https://www.fpds.gov/ddps/FY06-V1.4/3600-VETERANSAFFAIRSDEPARTMENTOF/3600-VETERANSAFFAIRSDEPARTMENTOF-DEPTOctober2005-Archive.zip
https://www.fpds.gov/ddps/FY06-V1.4/4100-MERITSYSTEMSPROTECTIONBOARD/4100-MERITSYSTEMSPROTECTIONBOARD-DEPTOctober2005-Archive.zip
https://www.fpds.gov/ddps/FY06-V1.4/4500-EQUALEMPLOYMENTOPPORTUNITYCOMMISSION/4500-EQUALEMPLOYMENTOPPORTUNITYCOMMISSION-DEPTOctober2005-Archive.zip
https://www.fpds.gov/ddps/FY06-V1.4/4700-GENERALSERVICESADMINISTRATION/4700-GENERALSERVICESADMINISTRATION-DEPTOctober2005-Archive.zip
https://www.fpds.gov/ddps/FY06-V1.4/4900-NATIONALSCIENCEFOUNDATION/4900-NATIONALSCIENCEFOUNDATION-DEPTOctober2005-Archive.zip
https://www.fpds.gov/ddps/FY06-V1.4/5000-SECURITIESANDEXCHANGECOMMISSION/5000-SECURITIESANDEXCHANGECOMMISSION-DEPTOctober2005-Archive.zip
https://www.fpds.gov/ddps/FY06-V1.4/5700-DEPARTMENTOFTHEAIRFORCE/5700-DEPARTMENTOFTHEAIRFORCE-DEPTOctober2005-Archive.zip
https://www.fpds.gov/ddps/FY06-V1.4/5920-NATIONALENDOWMENTFORTHEARTS/5920-NATIONALENDOWMENTFORTHEARTS-DEPTOctober2005-Archive.zip
https://www.fpds.gov/ddps/FY06-V1.4/5940-NATIONALENDOWMENTFORTHEHUMANITIES/5940-NATIONALENDOWMENTFORTHEHUMANITIES-DEPTOctober2005-Archive.zip
https://www.fpds.gov/ddps/FY06-V1.4/6000-RAILROADRETIREMENTBOARD/6000-RAILROADRETIREMENTBOARD-DEPTOctober2005-Archive.zip
https://www.fpds.gov/ddps/FY06-V1.4/6100-CONSUMERPRODUCTSAFETYCOMMISSION/6100-CONSUMERPRODUCTSAFETYCOMMISSION-DEPTOctober2005-Archive.zip
https://www.fpds.gov/ddps/FY06-V1.4/6300-NATIONALLABORRELATIONSBOARD/6300-NATIONALLABORRELATIONSBOARD-DEPTOctober2005-Archive.zip
https://www.fpds.gov/ddps/FY06-V1.4/6500-FEDERALMARITIMECOMMISSION/6500-FEDERALMARITIMECOMMISSION-DEPTOctober2005-Archive.zip
https://www.fpds.gov/ddps/FY06-V1.4/6800-ENVIRONMENTALPROTECTIONAGENCY/6800-ENVIRONMENTALPROTECTIONAGENCY-DEPTOctober2005-Archive.zip
https://www.fpds.gov/ddps/FY06-V1.4/6900-TRANSPORTATIONDEPARTMENTOF/6900-TRANSPORTATIONDEPARTMENTOF-DEPTOctober2005-Archive.zip
https://www.fpds.gov/ddps/FY06-V1.4/7000-HOMELANDSECURITYDEPARTMENTOF/7000-HOMELANDSECURITYDEPARTMENTOF-DEPTOctober2005-Archive.zip
https://www.fpds.gov/ddps/FY06-V1.4/7200-AGENCYFORINTERNATIONALDEVELOPMENT/7200-AGENCYFORINTERNATIONALDEVELOPMENT-DEPTOctober2005-Archive.zip
